[debug] [2021-12-09T01:22:27.374Z] ----------------------------------------------------------------------
[debug] [2021-12-09T01:22:27.377Z] Command:       /usr/bin/node /usr/bin/firebase functions:shell
[debug] [2021-12-09T01:22:27.377Z] CLI Version:   9.23.0
[debug] [2021-12-09T01:22:27.378Z] Platform:      linux
[debug] [2021-12-09T01:22:27.378Z] Node Version:  v16.13.0
[debug] [2021-12-09T01:22:27.378Z] Time:          Thu Dec 09 2021 06:52:27 GMT+0530 (India Standard Time)
[debug] [2021-12-09T01:22:27.378Z] ----------------------------------------------------------------------
[debug] 
[debug] [2021-12-09T01:22:27.452Z] > command requires scopes: ["email","openid","https://www.googleapis.com/auth/cloudplatformprojects.readonly","https://www.googleapis.com/auth/firebase","https://www.googleapis.com/auth/cloud-platform"]
[debug] [2021-12-09T01:22:27.452Z] > authorizing via signed-in user (aarushsharma019@gmail.com)
[debug] [2021-12-09T01:22:27.452Z] [iam] checking project clone-fdab2 for permissions ["firebase.projects.get"]
[debug] [2021-12-09T01:22:27.455Z] > refreshing access token with scopes: ["email","https://www.googleapis.com/auth/cloud-platform","https://www.googleapis.com/auth/cloudplatformprojects.readonly","https://www.googleapis.com/auth/firebase","openid"]
[debug] [2021-12-09T01:22:27.456Z] >>> HTTP REQUEST POST https://www.googleapis.com/oauth2/v3/token  
 <request body omitted>
[debug] [2021-12-09T01:22:27.702Z] <<< HTTP RESPONSE 200 {"expires":"Mon, 01 Jan 1990 00:00:00 GMT","pragma":"no-cache","cache-control":"no-cache, no-store, max-age=0, must-revalidate","date":"Thu, 09 Dec 2021 01:22:27 GMT","content-type":"application/json; charset=utf-8","vary":"X-Origin, Referer, Origin,Accept-Encoding","server":"scaffolding on HTTPServer2","x-xss-protection":"0","x-frame-options":"SAMEORIGIN","x-content-type-options":"nosniff","alt-svc":"h3=\":443\"; ma=2592000,h3-29=\":443\"; ma=2592000,h3-Q050=\":443\"; ma=2592000,h3-Q046=\":443\"; ma=2592000,h3-Q043=\":443\"; ma=2592000,quic=\":443\"; ma=2592000; v=\"46,43\"","accept-ranges":"none","transfer-encoding":"chunked"}
[debug] [2021-12-09T01:22:28.696Z] >>> HTTP REQUEST POST https://cloudresourcemanager.googleapis.com/v1/projects/clone-fdab2:testIamPermissions  
 {"permissions":["firebase.projects.get"]}
[debug] [2021-12-09T01:22:30.452Z] <<< HTTP RESPONSE 200 {"content-type":"application/json; charset=UTF-8","vary":"X-Origin, Referer, Origin,Accept-Encoding","date":"Thu, 09 Dec 2021 01:22:30 GMT","server":"ESF","cache-control":"private","x-xss-protection":"0","x-frame-options":"SAMEORIGIN","x-content-type-options":"nosniff","server-timing":"gfet4t7; dur=1383","alt-svc":"h3=\":443\"; ma=2592000,h3-29=\":443\"; ma=2592000,h3-Q050=\":443\"; ma=2592000,h3-Q046=\":443\"; ma=2592000,h3-Q043=\":443\"; ma=2592000,quic=\":443\"; ma=2592000; v=\"46,43\"","accept-ranges":"none","transfer-encoding":"chunked"}
[warn] ⚠  Your requested "node" version "14" doesn't match your global version "16" {"metadata":{"emulator":{"name":"functions"},"message":"Your requested \"node\" version \"14\" doesn't match your global version \"16\""}}
[debug] [2021-12-09T01:22:30.500Z] defaultcredentials: writing to file /home/aarush/.config/firebase/aarushsharma019_gmail_com_application_default_credentials.json
[debug] [2021-12-09T01:22:30.503Z] DEBUG: Setting GAC to /home/aarush/.config/firebase/aarushsharma019_gmail_com_application_default_credentials.json
[debug] [2021-12-09T01:22:30.505Z] > refreshing access token with scopes: []
[debug] [2021-12-09T01:22:30.505Z] >>> HTTP REQUEST POST https://www.googleapis.com/oauth2/v3/token  
 <request body omitted>
[debug] [2021-12-09T01:22:30.681Z] <<< HTTP RESPONSE 200 {"cache-control":"no-cache, no-store, max-age=0, must-revalidate","pragma":"no-cache","expires":"Mon, 01 Jan 1990 00:00:00 GMT","date":"Thu, 09 Dec 2021 01:22:30 GMT","content-type":"application/json; charset=utf-8","vary":"X-Origin, Referer, Origin,Accept-Encoding","server":"scaffolding on HTTPServer2","x-xss-protection":"0","x-frame-options":"SAMEORIGIN","x-content-type-options":"nosniff","alt-svc":"h3=\":443\"; ma=2592000,h3-29=\":443\"; ma=2592000,h3-Q050=\":443\"; ma=2592000,h3-Q046=\":443\"; ma=2592000,h3-Q043=\":443\"; ma=2592000,quic=\":443\"; ma=2592000; v=\"46,43\"","accept-ranges":"none","transfer-encoding":"chunked"}
[debug] [2021-12-09T01:22:30.797Z] >>> [apiv2][query] GET https://firebase.googleapis.com/v1beta1/projects/clone-fdab2/adminSdkConfig [none]
[debug] [2021-12-09T01:22:31.394Z] <<< [apiv2][status] GET https://firebase.googleapis.com/v1beta1/projects/clone-fdab2/adminSdkConfig 200
[debug] [2021-12-09T01:22:31.395Z] <<< [apiv2][body] GET https://firebase.googleapis.com/v1beta1/projects/clone-fdab2/adminSdkConfig {"projectId":"clone-fdab2","storageBucket":"clone-fdab2.appspot.com","locationId":"us-central"}
[debug] [2021-12-09T01:22:31.463Z] [functions] Watching "/home/aarush/Desktop/web/Amazon/amazon-clone/functions" for Cloud Functions...
[debug] [2021-12-09T01:22:31.479Z] DEBUG: [worker-pool] addWorker(~diagnostic~)
[debug] [2021-12-09T01:22:31.479Z] DEBUG: [worker-pool] Adding worker with key ~diagnostic~, total=1
[debug] [2021-12-09T01:22:31.479Z] DEBUG: [worker-pool] submitWork(triggerId=)
[debug] [2021-12-09T01:22:31.480Z] DEBUG: [worker-~diagnostic~-cc3009d6-0d0b-425b-8186-11752f1589ba]: Assigning socketPath: /tmp/fire_emu_4976.sock
[debug] [2021-12-09T01:22:31.480Z] DEBUG: [worker-~diagnostic~-cc3009d6-0d0b-425b-8186-11752f1589ba]: BUSY
[debug] [2021-12-09T01:22:31.643Z] DEBUG: [runtime-status] [4976] Functions runtime initialized. {"cwd":"/home/aarush/Desktop/web/Amazon/amazon-clone/functions","node_version":"16.13.0"}
[debug] [2021-12-09T01:22:31.646Z] DEBUG: [runtime-status] [4976] Disabled runtime features: undefined
[debug] [2021-12-09T01:22:31.648Z] DEBUG: [runtime-status] [4976] Resolved module firebase-admin {"declared":true,"installed":true,"version":"9.12.0","resolution":"/home/aarush/Desktop/web/Amazon/amazon-clone/functions/node_modules/firebase-admin/lib/index.js"}
[debug] [2021-12-09T01:22:31.653Z] DEBUG: [runtime-status] [4976] Resolved module firebase-functions {"declared":true,"installed":true,"version":"3.16.0","resolution":"/home/aarush/Desktop/web/Amazon/amazon-clone/functions/node_modules/firebase-functions/lib/index.js"}
[debug] [2021-12-09T01:22:31.656Z] DEBUG: [runtime-status] [4976] Outgoing network have been stubbed. [{"name":"http","status":"mocked"},{"name":"http","status":"mocked"},{"name":"https","status":"mocked"},{"name":"https","status":"mocked"},{"name":"net","status":"mocked"}]
[debug] [2021-12-09T01:22:31.658Z] DEBUG: [runtime-status] [4976] Resolved module firebase-functions {"declared":true,"installed":true,"version":"3.16.0","resolution":"/home/aarush/Desktop/web/Amazon/amazon-clone/functions/node_modules/firebase-functions/lib/index.js"}
[debug] [2021-12-09T01:22:31.706Z] DEBUG: [runtime-status] [4976] Checked functions.config() {"config":{}}
[debug] [2021-12-09T01:22:31.707Z] DEBUG: [runtime-status] [4976] firebase-functions has been stubbed. {"functionsResolution":{"declared":true,"installed":true,"version":"3.16.0","resolution":"/home/aarush/Desktop/web/Amazon/amazon-clone/functions/node_modules/firebase-functions/lib/index.js"}}
[debug] [2021-12-09T01:22:31.709Z] DEBUG: [runtime-status] [4976] Resolved module firebase-functions {"declared":true,"installed":true,"version":"3.16.0","resolution":"/home/aarush/Desktop/web/Amazon/amazon-clone/functions/node_modules/firebase-functions/lib/index.js"}
[debug] [2021-12-09T01:22:31.711Z] DEBUG: [runtime-status] [4976] Resolved module firebase-admin {"declared":true,"installed":true,"version":"9.12.0","resolution":"/home/aarush/Desktop/web/Amazon/amazon-clone/functions/node_modules/firebase-admin/lib/index.js"}
[debug] [2021-12-09T01:22:31.713Z] DEBUG: [runtime-status] [4976] Resolved module firebase-functions {"declared":true,"installed":true,"version":"3.16.0","resolution":"/home/aarush/Desktop/web/Amazon/amazon-clone/functions/node_modules/firebase-functions/lib/index.js"}
[debug] [2021-12-09T01:22:31.714Z] DEBUG: [runtime-status] [4976] firebase-admin has been stubbed. {"adminResolution":{"declared":true,"installed":true,"version":"9.12.0","resolution":"/home/aarush/Desktop/web/Amazon/amazon-clone/functions/node_modules/firebase-admin/lib/index.js"}}
[warn] ⚠  Error: Cannot find module 'stripe'
Require stack:
- /home/aarush/Desktop/web/Amazon/amazon-clone/functions/index.js
- /usr/lib/node_modules/firebase-tools/lib/emulator/functionsEmulatorRuntime.js
    at Function.Module._resolveFilename (node:internal/modules/cjs/loader:933:15)
    at Function.Module._load (node:internal/modules/cjs/loader:778:27)
    at Module.require (node:internal/modules/cjs/loader:1005:19)
    at require (node:internal/modules/cjs/helpers:102:18)
    at Object.<anonymous> (/home/aarush/Desktop/web/Amazon/amazon-clone/functions/index.js:4:16)
    at Module._compile (node:internal/modules/cjs/loader:1101:14)
    at Object.Module._extensions..js (node:internal/modules/cjs/loader:1153:10)
    at Module.load (node:internal/modules/cjs/loader:981:32)
    at Function.Module._load (node:internal/modules/cjs/loader:822:12)
    at Module.require (node:internal/modules/cjs/loader:1005:19) {"metadata":{"emulator":{"name":"functions"},"message":"Error: Cannot find module 'stripe'\nRequire stack:\n- /home/aarush/Desktop/web/Amazon/amazon-clone/functions/index.js\n- /usr/lib/node_modules/firebase-tools/lib/emulator/functionsEmulatorRuntime.js\n    at Function.Module._resolveFilename (node:internal/modules/cjs/loader:933:15)\n    at Function.Module._load (node:internal/modules/cjs/loader:778:27)\n    at Module.require (node:internal/modules/cjs/loader:1005:19)\n    at require (node:internal/modules/cjs/helpers:102:18)\n    at Object.<anonymous> (/home/aarush/Desktop/web/Amazon/amazon-clone/functions/index.js:4:16)\n    at Module._compile (node:internal/modules/cjs/loader:1101:14)\n    at Object.Module._extensions..js (node:internal/modules/cjs/loader:1153:10)\n    at Module.load (node:internal/modules/cjs/loader:981:32)\n    at Function.Module._load (node:internal/modules/cjs/loader:822:12)\n    at Module.require (node:internal/modules/cjs/loader:1005:19)"}}
[warn] ⚠  We were unable to load your functions code. (see above) {"metadata":{"emulator":{"name":"functions"}}}
[debug] [2021-12-09T01:22:31.805Z] DEBUG: [worker-~diagnostic~-cc3009d6-0d0b-425b-8186-11752f1589ba]: exited
[debug] [2021-12-09T01:22:31.806Z] DEBUG: [worker-~diagnostic~-cc3009d6-0d0b-425b-8186-11752f1589ba]: FINISHED
[debug] [2021-12-09T01:23:00.226Z] ----------------------------------------------------------------------
[debug] [2021-12-09T01:23:00.229Z] Command:       /usr/bin/node /usr/bin/firebase functions:shell
[debug] [2021-12-09T01:23:00.230Z] CLI Version:   9.23.0
[debug] [2021-12-09T01:23:00.230Z] Platform:      linux
[debug] [2021-12-09T01:23:00.230Z] Node Version:  v16.13.0
[debug] [2021-12-09T01:23:00.231Z] Time:          Thu Dec 09 2021 06:53:00 GMT+0530 (India Standard Time)
[debug] [2021-12-09T01:23:00.231Z] ----------------------------------------------------------------------
[debug] 
[debug] [2021-12-09T01:23:00.307Z] > command requires scopes: ["email","openid","https://www.googleapis.com/auth/cloudplatformprojects.readonly","https://www.googleapis.com/auth/firebase","https://www.googleapis.com/auth/cloud-platform"]
[debug] [2021-12-09T01:23:00.307Z] > authorizing via signed-in user (aarushsharma019@gmail.com)
[debug] [2021-12-09T01:23:00.307Z] [iam] checking project clone-fdab2 for permissions ["firebase.projects.get"]
[debug] [2021-12-09T01:23:00.310Z] > refreshing access token with scopes: ["email","https://www.googleapis.com/auth/cloud-platform","https://www.googleapis.com/auth/cloudplatformprojects.readonly","https://www.googleapis.com/auth/firebase","openid"]
[debug] [2021-12-09T01:23:00.311Z] >>> HTTP REQUEST POST https://www.googleapis.com/oauth2/v3/token  
 <request body omitted>
[debug] [2021-12-09T01:23:00.535Z] <<< HTTP RESPONSE 200 {"pragma":"no-cache","expires":"Mon, 01 Jan 1990 00:00:00 GMT","date":"Thu, 09 Dec 2021 01:23:00 GMT","cache-control":"no-cache, no-store, max-age=0, must-revalidate","content-type":"application/json; charset=utf-8","vary":"X-Origin, Referer, Origin,Accept-Encoding","server":"scaffolding on HTTPServer2","x-xss-protection":"0","x-frame-options":"SAMEORIGIN","x-content-type-options":"nosniff","alt-svc":"h3=\":443\"; ma=2592000,h3-29=\":443\"; ma=2592000,h3-Q050=\":443\"; ma=2592000,h3-Q046=\":443\"; ma=2592000,h3-Q043=\":443\"; ma=2592000,quic=\":443\"; ma=2592000; v=\"46,43\"","accept-ranges":"none","transfer-encoding":"chunked"}
[debug] [2021-12-09T01:23:00.850Z] >>> HTTP REQUEST POST https://cloudresourcemanager.googleapis.com/v1/projects/clone-fdab2:testIamPermissions  
 {"permissions":["firebase.projects.get"]}
[debug] [2021-12-09T01:23:02.707Z] <<< HTTP RESPONSE 200 {"content-type":"application/json; charset=UTF-8","vary":"X-Origin, Referer, Origin,Accept-Encoding","date":"Thu, 09 Dec 2021 01:23:02 GMT","server":"ESF","cache-control":"private","x-xss-protection":"0","x-frame-options":"SAMEORIGIN","x-content-type-options":"nosniff","server-timing":"gfet4t7; dur=1432","alt-svc":"h3=\":443\"; ma=2592000,h3-29=\":443\"; ma=2592000,h3-Q050=\":443\"; ma=2592000,h3-Q046=\":443\"; ma=2592000,h3-Q043=\":443\"; ma=2592000,quic=\":443\"; ma=2592000; v=\"46,43\"","accept-ranges":"none","transfer-encoding":"chunked"}
[warn] ⚠  Your requested "node" version "14" doesn't match your global version "16" {"metadata":{"emulator":{"name":"functions"},"message":"Your requested \"node\" version \"14\" doesn't match your global version \"16\""}}
[debug] [2021-12-09T01:23:02.754Z] defaultcredentials: writing to file /home/aarush/.config/firebase/aarushsharma019_gmail_com_application_default_credentials.json
[debug] [2021-12-09T01:23:02.756Z] DEBUG: Setting GAC to /home/aarush/.config/firebase/aarushsharma019_gmail_com_application_default_credentials.json
[debug] [2021-12-09T01:23:02.759Z] > refreshing access token with scopes: []
[debug] [2021-12-09T01:23:02.759Z] >>> HTTP REQUEST POST https://www.googleapis.com/oauth2/v3/token  
 <request body omitted>
[debug] [2021-12-09T01:23:02.956Z] <<< HTTP RESPONSE 200 {"date":"Thu, 09 Dec 2021 01:23:02 GMT","pragma":"no-cache","expires":"Mon, 01 Jan 1990 00:00:00 GMT","cache-control":"no-cache, no-store, max-age=0, must-revalidate","content-type":"application/json; charset=utf-8","vary":"X-Origin, Referer, Origin,Accept-Encoding","server":"scaffolding on HTTPServer2","x-xss-protection":"0","x-frame-options":"SAMEORIGIN","x-content-type-options":"nosniff","alt-svc":"h3=\":443\"; ma=2592000,h3-29=\":443\"; ma=2592000,h3-Q050=\":443\"; ma=2592000,h3-Q046=\":443\"; ma=2592000,h3-Q043=\":443\"; ma=2592000,quic=\":443\"; ma=2592000; v=\"46,43\"","accept-ranges":"none","transfer-encoding":"chunked"}
[debug] [2021-12-09T01:23:04.417Z] >>> [apiv2][query] GET https://firebase.googleapis.com/v1beta1/projects/clone-fdab2/adminSdkConfig [none]
[debug] [2021-12-09T01:23:04.939Z] <<< [apiv2][status] GET https://firebase.googleapis.com/v1beta1/projects/clone-fdab2/adminSdkConfig 200
[debug] [2021-12-09T01:23:04.940Z] <<< [apiv2][body] GET https://firebase.googleapis.com/v1beta1/projects/clone-fdab2/adminSdkConfig {"projectId":"clone-fdab2","storageBucket":"clone-fdab2.appspot.com","locationId":"us-central"}
[debug] [2021-12-09T01:23:05.015Z] [functions] Watching "/home/aarush/Desktop/web/Amazon/amazon-clone/functions" for Cloud Functions...
[debug] [2021-12-09T01:23:05.032Z] DEBUG: [worker-pool] addWorker(~diagnostic~)
[debug] [2021-12-09T01:23:05.033Z] DEBUG: [worker-pool] Adding worker with key ~diagnostic~, total=1
[debug] [2021-12-09T01:23:05.033Z] DEBUG: [worker-pool] submitWork(triggerId=)
[debug] [2021-12-09T01:23:05.034Z] DEBUG: [worker-~diagnostic~-75e91edd-8775-4f82-99c3-d4da57983ee2]: Assigning socketPath: /tmp/fire_emu_5135.sock
[debug] [2021-12-09T01:23:05.034Z] DEBUG: [worker-~diagnostic~-75e91edd-8775-4f82-99c3-d4da57983ee2]: BUSY
[debug] [2021-12-09T01:23:05.207Z] DEBUG: [runtime-status] [5135] Functions runtime initialized. {"cwd":"/home/aarush/Desktop/web/Amazon/amazon-clone/functions","node_version":"16.13.0"}
[debug] [2021-12-09T01:23:05.210Z] DEBUG: [runtime-status] [5135] Disabled runtime features: undefined
[debug] [2021-12-09T01:23:05.213Z] DEBUG: [runtime-status] [5135] Resolved module firebase-admin {"declared":true,"installed":true,"version":"9.12.0","resolution":"/home/aarush/Desktop/web/Amazon/amazon-clone/functions/node_modules/firebase-admin/lib/index.js"}
[debug] [2021-12-09T01:23:05.217Z] DEBUG: [runtime-status] [5135] Resolved module firebase-functions {"declared":true,"installed":true,"version":"3.16.0","resolution":"/home/aarush/Desktop/web/Amazon/amazon-clone/functions/node_modules/firebase-functions/lib/index.js"}
[debug] [2021-12-09T01:23:05.221Z] DEBUG: [runtime-status] [5135] Outgoing network have been stubbed. [{"name":"http","status":"mocked"},{"name":"http","status":"mocked"},{"name":"https","status":"mocked"},{"name":"https","status":"mocked"},{"name":"net","status":"mocked"}]
[debug] [2021-12-09T01:23:05.223Z] DEBUG: [runtime-status] [5135] Resolved module firebase-functions {"declared":true,"installed":true,"version":"3.16.0","resolution":"/home/aarush/Desktop/web/Amazon/amazon-clone/functions/node_modules/firebase-functions/lib/index.js"}
[debug] [2021-12-09T01:23:05.275Z] DEBUG: [runtime-status] [5135] Checked functions.config() {"config":{}}
[debug] [2021-12-09T01:23:05.276Z] DEBUG: [runtime-status] [5135] firebase-functions has been stubbed. {"functionsResolution":{"declared":true,"installed":true,"version":"3.16.0","resolution":"/home/aarush/Desktop/web/Amazon/amazon-clone/functions/node_modules/firebase-functions/lib/index.js"}}
[debug] [2021-12-09T01:23:05.279Z] DEBUG: [runtime-status] [5135] Resolved module firebase-functions {"declared":true,"installed":true,"version":"3.16.0","resolution":"/home/aarush/Desktop/web/Amazon/amazon-clone/functions/node_modules/firebase-functions/lib/index.js"}
[debug] [2021-12-09T01:23:05.281Z] DEBUG: [runtime-status] [5135] Resolved module firebase-admin {"declared":true,"installed":true,"version":"9.12.0","resolution":"/home/aarush/Desktop/web/Amazon/amazon-clone/functions/node_modules/firebase-admin/lib/index.js"}
[debug] [2021-12-09T01:23:05.282Z] DEBUG: [runtime-status] [5135] Resolved module firebase-functions {"declared":true,"installed":true,"version":"3.16.0","resolution":"/home/aarush/Desktop/web/Amazon/amazon-clone/functions/node_modules/firebase-functions/lib/index.js"}
[debug] [2021-12-09T01:23:05.283Z] DEBUG: [runtime-status] [5135] firebase-admin has been stubbed. {"adminResolution":{"declared":true,"installed":true,"version":"9.12.0","resolution":"/home/aarush/Desktop/web/Amazon/amazon-clone/functions/node_modules/firebase-admin/lib/index.js"}}
[warn] ⚠  Error: Cannot find module 'stripe'
Require stack:
- /home/aarush/Desktop/web/Amazon/amazon-clone/functions/index.js
- /usr/lib/node_modules/firebase-tools/lib/emulator/functionsEmulatorRuntime.js
    at Function.Module._resolveFilename (node:internal/modules/cjs/loader:933:15)
    at Function.Module._load (node:internal/modules/cjs/loader:778:27)
    at Module.require (node:internal/modules/cjs/loader:1005:19)
    at require (node:internal/modules/cjs/helpers:102:18)
    at Object.<anonymous> (/home/aarush/Desktop/web/Amazon/amazon-clone/functions/index.js:4:16)
    at Module._compile (node:internal/modules/cjs/loader:1101:14)
    at Object.Module._extensions..js (node:internal/modules/cjs/loader:1153:10)
    at Module.load (node:internal/modules/cjs/loader:981:32)
    at Function.Module._load (node:internal/modules/cjs/loader:822:12)
    at Module.require (node:internal/modules/cjs/loader:1005:19) {"metadata":{"emulator":{"name":"functions"},"message":"Error: Cannot find module 'stripe'\nRequire stack:\n- /home/aarush/Desktop/web/Amazon/amazon-clone/functions/index.js\n- /usr/lib/node_modules/firebase-tools/lib/emulator/functionsEmulatorRuntime.js\n    at Function.Module._resolveFilename (node:internal/modules/cjs/loader:933:15)\n    at Function.Module._load (node:internal/modules/cjs/loader:778:27)\n    at Module.require (node:internal/modules/cjs/loader:1005:19)\n    at require (node:internal/modules/cjs/helpers:102:18)\n    at Object.<anonymous> (/home/aarush/Desktop/web/Amazon/amazon-clone/functions/index.js:4:16)\n    at Module._compile (node:internal/modules/cjs/loader:1101:14)\n    at Object.Module._extensions..js (node:internal/modules/cjs/loader:1153:10)\n    at Module.load (node:internal/modules/cjs/loader:981:32)\n    at Function.Module._load (node:internal/modules/cjs/loader:822:12)\n    at Module.require (node:internal/modules/cjs/loader:1005:19)"}}
[warn] ⚠  We were unable to load your functions code. (see above) {"metadata":{"emulator":{"name":"functions"}}}
[debug] [2021-12-09T01:23:05.384Z] DEBUG: [worker-~diagnostic~-75e91edd-8775-4f82-99c3-d4da57983ee2]: exited
[debug] [2021-12-09T01:23:05.384Z] DEBUG: [worker-~diagnostic~-75e91edd-8775-4f82-99c3-d4da57983ee2]: FINISHED
